2007.05.20 10:09 B C:\Documents and Settings\Alamgir Hossain\Desktop\MSBANGLA\MSBA\MSBANGLA-Web\announcemnets.htm --> ftp.zendurl.com / announcemnets.htm
2007.05.20 10:09 B C:\Documents and Settings\Alamgir Hossain\Desktop\MSBANGLA\MSBA\MSBANGLA-Web\banglfont.gif --> ftp.zendurl.com / banglfont.gif
2007.05.20 10:09 B C:\Documents and Settings\Alamgir Hossain\Desktop\MSBANGLA\MSBA\MSBANGLA-Web\eidreunion06.htm --> ftp.zendurl.com / eidreunion06.htm
2007.05.20 10:09 B C:\Documents and Settings\Alamgir Hossain\Desktop\MSBANGLA\MSBA\MSBANGLA-Web\expbul1a.gif --> ftp.zendurl.com / expbul1a.gif
2007.05.20 10:09 B C:\Documents and Settings\Alamgir Hossain\Desktop\MSBANGLA\MSBA\MSBANGLA-Web\expbul2a.gif --> ftp.zendurl.com / expbul2a.gif
2007.05.20 10:09 B C:\Documents and Settings\Alamgir Hossain\Desktop\MSBANGLA\MSBA\MSBANGLA-Web\expbul3a.gif --> ftp.zendurl.com / expbul3a.gif
2007.05.20 10:09 B C:\Documents and Settings\Alamgir Hossain\Desktop\MSBANGLA\MSBA\MSBANGLA-Web\exphorsa.gif --> ftp.zendurl.com / exphorsa.gif
2007.05.20 10:09 B C:\Documents and Settings\Alamgir Hossain\Desktop\MSBANGLA\MSBA\MSBANGLA-Web\exptextb.jpg --> ftp.zendurl.com / exptextb.jpg
2007.05.20 10:09 B C:\Documents and Settings\Alamgir Hossain\Desktop\MSBANGLA\MSBA\MSBANGLA-Web\FLYER FOR RELAY.htm --> ftp.zendurl.com / FLYER FOR RELAY.htm
2007.05.20 10:09 B C:\Documents and Settings\Alamgir Hossain\Desktop\MSBANGLA\MSBA\MSBANGLA-Web\FLYER FOR RELAY.ppt --> ftp.zendurl.com / FLYER FOR RELAY.ppt
2007.05.20 10:09 B C:\Documents and Settings\Alamgir Hossain\Desktop\MSBANGLA\MSBA\MSBANGLA-Web\form.h1.jpg --> ftp.zendurl.com / form.h1.jpg
2007.05.20 10:09 B C:\Documents and Settings\Alamgir Hossain\Desktop\MSBANGLA\MSBA\MSBANGLA-Web\form.htm --> ftp.zendurl.com / form.htm
2007.05.20 10:10 B C:\Documents and Settings\Alamgir Hossain\Desktop\MSBANGLA\MSBA\MSBANGLA-Web\futureevents.htm --> ftp.zendurl.com / futureevents.htm
2007.05.20 10:10 B C:\Documents and Settings\Alamgir Hossain\Desktop\MSBANGLA\MSBA\MSBANGLA-Web\histor1.jpg --> ftp.zendurl.com / histor1.jpg
2007.05.20 10:10 B C:\Documents and Settings\Alamgir Hossain\Desktop\MSBANGLA\MSBA\MSBANGLA-Web\history&mission.htm --> ftp.zendurl.com / history&mission.htm
2007.05.20 10:10 B C:\Documents and Settings\Alamgir Hossain\Desktop\MSBANGLA\MSBA\MSBANGLA-Web\index.1.gif --> ftp.zendurl.com / index.1.gif
2007.05.20 10:10 B C:\Documents and Settings\Alamgir Hossain\Desktop\MSBANGLA\MSBA\MSBANGLA-Web\index.1.jpg --> ftp.zendurl.com / index.1.jpg
2007.05.20 10:10 B C:\Documents and Settings\Alamgir Hossain\Desktop\MSBANGLA\MSBA\MSBANGLA-Web\index.2.gif --> ftp.zendurl.com / index.2.gif
2007.05.20 10:10 B C:\Documents and Settings\Alamgir Hossain\Desktop\MSBANGLA\MSBA\MSBANGLA-Web\index.4.gif --> ftp.zendurl.com / index.4.gif
2007.05.20 10:10 B C:\Documents and Settings\Alamgir Hossain\Desktop\MSBANGLA\MSBA\MSBANGLA-Web\index.5.gif --> ftp.zendurl.com / index.5.gif
2007.05.20 10:10 B C:\Documents and Settings\Alamgir Hossain\Desktop\MSBANGLA\MSBA\MSBANGLA-Web\index.6.gif --> ftp.zendurl.com / index.6.gif
2007.05.20 10:10 B C:\Documents and Settings\Alamgir Hossain\Desktop\MSBANGLA\MSBA\MSBANGLA-Web\index.7.gif --> ftp.zendurl.com / index.7.gif
2007.05.20 10:10 B C:\Documents and Settings\Alamgir Hossain\Desktop\MSBANGLA\MSBA\MSBANGLA-Web\index.8.gif --> ftp.zendurl.com / index.8.gif
2007.05.20 10:10 B C:\Documents and Settings\Alamgir Hossain\Desktop\MSBANGLA\MSBA\MSBANGLA-Web\index.9.gif --> ftp.zendurl.com / index.9.gif
2007.05.20 10:10 B C:\Documents and Settings\Alamgir Hossain\Desktop\MSBANGLA\MSBA\MSBANGLA-Web\index.htm --> ftp.zendurl.com / index.htm
2007.05.20 10:36 B C:\Documents and Settings\Alamgir Hossain\Desktop\MSBANGLA\MSBA\MSBANGLA-Web\Slide1.GIF --> ftp.zendurl.com / Slide1.GIF
2007.05.20 10:44 B C:\Documents and Settings\Alamgir Hossain\Desktop\MSBANGLA\MSBA\MSBANGLA-Web\mailbox.gif --> ftp.zendurl.com / mailbox.gif
2007.05.20 10:52 B C:\Documents and Settings\Alamgir Hossain\Desktop\MSBANGLA\MSBA\MSBANGLA-Web\announcemnets.htm --> ftp.zendurl.com / announcemnets.htm
2007.05.20 10:52 B C:\Documents and Settings\Alamgir Hossain\Desktop\MSBANGLA\MSBA\MSBANGLA-Web\banglfont.gif --> ftp.zendurl.com / banglfont.gif
2007.05.20 10:52 B C:\Documents and Settings\Alamgir Hossain\Desktop\MSBANGLA\MSBA\MSBANGLA-Web\eidreunion06.htm --> ftp.zendurl.com / eidreunion06.htm
2007.05.20 10:52 B C:\Documents and Settings\Alamgir Hossain\Desktop\MSBANGLA\MSBA\MSBANGLA-Web\expbul1a.gif --> ftp.zendurl.com / expbul1a.gif
2007.05.20 10:52 B C:\Documents and Settings\Alamgir Hossain\Desktop\MSBANGLA\MSBA\MSBANGLA-Web\expbul2a.gif --> ftp.zendurl.com / expbul2a.gif
2007.05.20 10:52 B C:\Documents and Settings\Alamgir Hossain\Desktop\MSBANGLA\MSBA\MSBANGLA-Web\expbul3a.gif --> ftp.zendurl.com / expbul3a.gif
2007.05.20 10:53 B C:\Documents and Settings\Alamgir Hossain\Desktop\MSBANGLA\MSBA\MSBANGLA-Web\exphorsa.gif --> ftp.zendurl.com / exphorsa.gif
2007.05.20 10:53 B C:\Documents and Settings\Alamgir Hossain\Desktop\MSBANGLA\MSBA\MSBANGLA-Web\exptextb.jpg --> ftp.zendurl.com / exptextb.jpg
2007.05.20 10:53 B C:\Documents and Settings\Alamgir Hossain\Desktop\MSBANGLA\MSBA\MSBANGLA-Web\FLYER FOR RELAY.htm --> ftp.zendurl.com / FLYER FOR RELAY.htm
2007.05.20 10:53 B C:\Documents and Settings\Alamgir Hossain\Desktop\MSBANGLA\MSBA\MSBANGLA-Web\FLYER FOR RELAY.ppt --> ftp.zendurl.com / FLYER FOR RELAY.ppt
2007.05.20 10:53 B C:\Documents and Settings\Alamgir Hossain\Desktop\MSBANGLA\MSBA\MSBANGLA-Web\form.h1.jpg --> ftp.zendurl.com / form.h1.jpg
2007.05.20 10:53 B C:\Documents and Settings\Alamgir Hossain\Desktop\MSBANGLA\MSBA\MSBANGLA-Web\form.htm --> ftp.zendurl.com / form.htm
2007.05.20 10:53 B C:\Documents and Settings\Alamgir Hossain\Desktop\MSBANGLA\MSBA\MSBANGLA-Web\futureevents.htm --> ftp.zendurl.com / futureevents.htm
2007.05.20 10:54 B C:\Documents and Settings\Alamgir Hossain\Desktop\MSBANGLA\MSBA\MSBANGLA-Web\histor1.jpg --> ftp.zendurl.com / histor1.jpg
2007.05.20 10:54 B C:\Documents and Settings\Alamgir Hossain\Desktop\MSBANGLA\MSBA\MSBANGLA-Web\history&mission.htm --> ftp.zendurl.com / history&mission.htm
2007.05.20 10:54 B C:\Documents and Settings\Alamgir Hossain\Desktop\MSBANGLA\MSBA\MSBANGLA-Web\index.1.gif --> ftp.zendurl.com / index.1.gif
2007.05.20 10:54 B C:\Documents and Settings\Alamgir Hossain\Desktop\MSBANGLA\MSBA\MSBANGLA-Web\index.1.jpg --> ftp.zendurl.com / index.1.jpg
2007.05.20 10:54 B C:\Documents and Settings\Alamgir Hossain\Desktop\MSBANGLA\MSBA\MSBANGLA-Web\index.2.gif --> ftp.zendurl.com / index.2.gif
2007.05.20 10:54 B C:\Documents and Settings\Alamgir Hossain\Desktop\MSBANGLA\MSBA\MSBANGLA-Web\index.4.gif --> ftp.zendurl.com / index.4.gif
2007.05.20 10:54 B C:\Documents and Settings\Alamgir Hossain\Desktop\MSBANGLA\MSBA\MSBANGLA-Web\index.5.gif --> ftp.zendurl.com / index.5.gif
2007.05.20 10:54 B C:\Documents and Settings\Alamgir Hossain\Desktop\MSBANGLA\MSBA\MSBANGLA-Web\index.6.gif --> ftp.zendurl.com / index.6.gif
2007.05.20 10:54 B C:\Documents and Settings\Alamgir Hossain\Desktop\MSBANGLA\MSBA\MSBANGLA-Web\index.7.gif --> ftp.zendurl.com / index.7.gif
2007.05.20 10:54 B C:\Documents and Settings\Alamgir Hossain\Desktop\MSBANGLA\MSBA\MSBANGLA-Web\index.8.gif --> ftp.zendurl.com / index.8.gif
2007.05.20 10:54 B C:\Documents and Settings\Alamgir Hossain\Desktop\MSBANGLA\MSBA\MSBANGLA-Web\index.9.gif --> ftp.zendurl.com / index.9.gif
2007.05.20 10:54 B C:\Documents and Settings\Alamgir Hossain\Desktop\MSBANGLA\MSBA\MSBANGLA-Web\index.htm --> ftp.zendurl.com / index.htm
2007.05.20 10:58 B C:\Documents and Settings\Alamgir Hossain\Desktop\MSBANGLA\MSBA\MSBANGLA-Web\pastevents.htm --> ftp.zendurl.com / pastevents.htm
2007.05.20 10:59 B C:\Documents and Settings\Alamgir Hossain\Desktop\MSBANGLA\MSBA\MSBANGLA-Web\histor1.jpg --> ftp.zendurl.com / histor1.jpg
2007.05.20 11:00 B C:\Documents and Settings\Alamgir Hossain\Desktop\MSBANGLA\MSBA\MSBANGLA-Web\pastev2.jpg --> ftp.zendurl.com / pastev2.jpg
2007.05.20 22:57 B C:\Documents and Settings\Alamgir Hossain\Desktop\MSBANGLA\MSBA\MSBANGLA-Web\pastevents.htm --> ftp.zendurl.com / pastevents.htm
2007.05.20 23:03 B C:\Documents and Settings\Alamgir Hossain\Desktop\MSBANGLA\MSBA\MSBANGLA-Web\announcemnets.htm --> ftp.zendurl.com / announcemnets.htm
2007.05.21 18:55 B C:\Documents and Settings\Alamgir Hossain\Desktop\MSBANGLA\MSBA\MSBANGLA-Web\pastevents.htm --> ftp.zendurl.com / pastevents.htm
2007.05.21 19:32 B C:\Documents and Settings\Alamgir Hossain\Desktop\MSBANGLA\MSBA\MSBANGLA-Web\pastevents.htm --> ftp.zendurl.com / pastevents.htm
2007.05.22 21:08 B C:\Documents and Settings\Alamgir Hossain\Desktop\MSBANGLA\MSBA\MSBANGLA-Web\announcemnets.htm --> msbangla.789mb.com / announcemnets.htm
2007.05.22 21:10 B C:\Documents and Settings\Alamgir Hossain\Desktop\MSBANGLA\MSBA\MSBANGLA-Web\banglfont.gif --> msbangla.789mb.com / banglfont.gif
2007.05.23 10:54 B C:\Documents and Settings\Alamgir Hossain\Desktop\MSBANGLA\MSBA\MSBANGLA-Web\announcemnets.htm --> msbangla.789mb.com / announcemnets.htm
2007.05.23 10:54 B C:\Documents and Settings\Alamgir Hossain\Desktop\MSBANGLA\MSBA\MSBANGLA-Web\banglfont.gif --> msbangla.789mb.com / banglfont.gif
2007.05.23 10:54 B C:\Documents and Settings\Alamgir Hossain\Desktop\MSBANGLA\MSBA\MSBANGLA-Web\eidreunion06.htm --> msbangla.789mb.com / eidreunion06.htm
2007.05.23 10:54 B C:\Documents and Settings\Alamgir Hossain\Desktop\MSBANGLA\MSBA\MSBANGLA-Web\expbul1a.gif --> msbangla.789mb.com / expbul1a.gif
2007.05.23 10:54 B C:\Documents and Settings\Alamgir Hossain\Desktop\MSBANGLA\MSBA\MSBANGLA-Web\expbul2a.gif --> msbangla.789mb.com / expbul2a.gif
2007.05.23 10:54 B C:\Documents and Settings\Alamgir Hossain\Desktop\MSBANGLA\MSBA\MSBANGLA-Web\expbul3a.gif --> msbangla.789mb.com / expbul3a.gif
2007.05.23 10:54 B C:\Documents and Settings\Alamgir Hossain\Desktop\MSBANGLA\MSBA\MSBANGLA-Web\exphorsa.gif --> msbangla.789mb.com / exphorsa.gif
2007.05.23 10:54 B C:\Documents and Settings\Alamgir Hossain\Desktop\MSBANGLA\MSBA\MSBANGLA-Web\exptextb.jpg --> msbangla.789mb.com / exptextb.jpg
2007.05.23 10:54 B C:\Documents and Settings\Alamgir Hossain\Desktop\MSBANGLA\MSBA\MSBANGLA-Web\FLYER FOR RELAY.htm --> msbangla.789mb.com / FLYER FOR RELAY.htm
2007.05.23 10:54 B C:\Documents and Settings\Alamgir Hossain\Desktop\MSBANGLA\MSBA\MSBANGLA-Web\FLYER FOR RELAY.ppt --> msbangla.789mb.com / FLYER FOR RELAY.ppt
2007.05.23 10:54 B C:\Documents and Settings\Alamgir Hossain\Desktop\MSBANGLA\MSBA\MSBANGLA-Web\form.h1.jpg --> msbangla.789mb.com / form.h1.jpg
2007.05.23 10:54 B C:\Documents and Settings\Alamgir Hossain\Desktop\MSBANGLA\MSBA\MSBANGLA-Web\form.htm --> msbangla.789mb.com / form.htm
2007.05.23 10:54 B C:\Documents and Settings\Alamgir Hossain\Desktop\MSBANGLA\MSBA\MSBANGLA-Web\googlecf0280df8f406cdd.html --> msbangla.789mb.com / googlecf0280df8f406cdd.html
2007.05.23 10:54 B C:\Documents and Settings\Alamgir Hossain\Desktop\MSBANGLA\MSBA\MSBANGLA-Web\histor1.jpg --> msbangla.789mb.com / histor1.jpg
2007.05.23 10:54 B C:\Documents and Settings\Alamgir Hossain\Desktop\MSBANGLA\MSBA\MSBANGLA-Web\history&mission.htm --> msbangla.789mb.com / history&mission.htm
2007.05.23 10:54 B C:\Documents and Settings\Alamgir Hossain\Desktop\MSBANGLA\MSBA\MSBANGLA-Web\index.1.gif --> msbangla.789mb.com / index.1.gif
2007.05.23 10:54 B C:\Documents and Settings\Alamgir Hossain\Desktop\MSBANGLA\MSBA\MSBANGLA-Web\index.1.jpg --> msbangla.789mb.com / index.1.jpg
2007.05.23 10:54 B C:\Documents and Settings\Alamgir Hossain\Desktop\MSBANGLA\MSBA\MSBANGLA-Web\index.2.gif --> msbangla.789mb.com / index.2.gif
2007.05.23 10:54 B C:\Documents and Settings\Alamgir Hossain\Desktop\MSBANGLA\MSBA\MSBANGLA-Web\index.4.gif --> msbangla.789mb.com / index.4.gif
2007.05.23 10:54 B C:\Documents and Settings\Alamgir Hossain\Desktop\MSBANGLA\MSBA\MSBANGLA-Web\index.5.gif --> msbangla.789mb.com / index.5.gif
2007.05.23 10:54 B C:\Documents and Settings\Alamgir Hossain\Desktop\MSBANGLA\MSBA\MSBANGLA-Web\index.6.gif --> msbangla.789mb.com / index.6.gif
2007.05.23 10:54 B C:\Documents and Settings\Alamgir Hossain\Desktop\MSBANGLA\MSBA\MSBANGLA-Web\index.7.gif --> msbangla.789mb.com / index.7.gif
2007.05.23 10:54 B C:\Documents and Settings\Alamgir Hossain\Desktop\MSBANGLA\MSBA\MSBANGLA-Web\index.8.gif --> msbangla.789mb.com / index.8.gif
2007.05.23 10:54 B C:\Documents and Settings\Alamgir Hossain\Desktop\MSBANGLA\MSBA\MSBANGLA-Web\index.9.gif --> msbangla.789mb.com / index.9.gif
2007.05.23 10:54 B C:\Documents and Settings\Alamgir Hossain\Desktop\MSBANGLA\MSBA\MSBANGLA-Web\index.html --> msbangla.789mb.com / index.html
2007.05.23 10:54 B C:\Documents and Settings\Alamgir Hossain\Desktop\MSBANGLA\MSBA\MSBANGLA-Web\index_2.htm --> msbangla.789mb.com / index_2.htm
2007.05.23 10:54 B C:\Documents and Settings\Alamgir Hossain\Desktop\MSBANGLA\MSBA\MSBANGLA-Web\index_mod.htm --> msbangla.789mb.com / index_mod.htm
2007.05.23 10:54 B C:\Documents and Settings\Alamgir Hossain\Desktop\MSBANGLA\MSBA\MSBANGLA-Web\index_mod.html --> msbangla.789mb.com / index_mod.html
2007.05.23 10:54 B C:\Documents and Settings\Alamgir Hossain\Desktop\MSBANGLA\MSBA\MSBANGLA-Web\index_save.htm --> msbangla.789mb.com / index_save.htm
2007.05.23 10:54 B C:\Documents and Settings\Alamgir Hossain\Desktop\MSBANGLA\MSBA\MSBANGLA-Web\index_test.htm --> msbangla.789mb.com / index_test.htm
2007.05.23 10:54 B C:\Documents and Settings\Alamgir Hossain\Desktop\MSBANGLA\MSBA\MSBANGLA-Web\mailbox.gif --> msbangla.789mb.com / mailbox.gif
2007.05.23 10:54 B C:\Documents and Settings\Alamgir Hossain\Desktop\MSBANGLA\MSBA\MSBANGLA-Web\MBA1.htm --> msbangla.789mb.com / MBA1.htm
2007.05.23 10:54 B C:\Documents and Settings\Alamgir Hossain\Desktop\MSBANGLA\MSBA\MSBANGLA-Web\Mississippi Bangla Academy.htm --> msbangla.789mb.com / Mississippi Bangla Academy.htm
2007.05.23 10:55 B C:\Documents and Settings\Alamgir Hossain\Desktop\MSBANGLA\MSBA\MSBANGLA-Web\newsletter.htm --> msbangla.789mb.com / newsletter.htm
2007.05.23 10:55 B C:\Documents and Settings\Alamgir Hossain\Desktop\MSBANGLA\MSBA\MSBANGLA-Web\pastev1.gif --> msbangla.789mb.com / pastev1.gif
2007.05.23 10:55 B C:\Documents and Settings\Alamgir Hossain\Desktop\MSBANGLA\MSBA\MSBANGLA-Web\pastev2.jpg --> msbangla.789mb.com / pastev2.jpg
2007.05.23 10:55 B C:\Documents and Settings\Alamgir Hossain\Desktop\MSBANGLA\MSBA\MSBANGLA-Web\pastev3.gif --> msbangla.789mb.com / pastev3.gif
2007.05.23 10:55 B C:\Documents and Settings\Alamgir Hossain\Desktop\MSBANGLA\MSBA\MSBANGLA-Web\pastev3.jpg --> msbangla.789mb.com / pastev3.jpg
2007.05.23 10:55 B C:\Documents and Settings\Alamgir Hossain\Desktop\MSBANGLA\MSBA\MSBANGLA-Web\pastevents.htm --> msbangla.789mb.com / pastevents.htm
2007.05.23 10:55 B C:\Documents and Settings\Alamgir Hossain\Desktop\MSBANGLA\MSBA\MSBANGLA-Web\Redirect.htm --> msbangla.789mb.com / Redirect.htm
2007.05.23 10:55 B C:\Documents and Settings\Alamgir Hossain\Desktop\MSBANGLA\MSBA\MSBANGLA-Web\Slide1.GIF --> msbangla.789mb.com / Slide1.GIF
2007.05.23 10:55 B C:\Documents and Settings\Alamgir Hossain\Desktop\MSBANGLA\MSBA\MSBANGLA-Web\Thumbs.db --> msbangla.789mb.com / Thumbs.db
2007.05.23 17:00 B C:\Documents and Settings\Alamgir Hossain\Desktop\MSBANGLA\MSBA\MSBANGLA-Web\announcemnets.htm --> msbangla.789mb.com / announcemnets.htm
2007.05.23 17:00 B C:\Documents and Settings\Alamgir Hossain\Desktop\MSBANGLA\MSBA\MSBANGLA-Web\banglfont.gif --> msbangla.789mb.com / banglfont.gif
2007.05.23 17:00 B C:\Documents and Settings\Alamgir Hossain\Desktop\MSBANGLA\MSBA\MSBANGLA-Web\eidreunion06.htm --> msbangla.789mb.com / eidreunion06.htm
2007.05.23 17:00 B C:\Documents and Settings\Alamgir Hossain\Desktop\MSBANGLA\MSBA\MSBANGLA-Web\expbul1a.gif --> msbangla.789mb.com / expbul1a.gif
2007.05.23 17:00 B C:\Documents and Settings\Alamgir Hossain\Desktop\MSBANGLA\MSBA\MSBANGLA-Web\expbul2a.gif --> msbangla.789mb.com / expbul2a.gif
2007.05.23 17:00 B C:\Documents and Settings\Alamgir Hossain\Desktop\MSBANGLA\MSBA\MSBANGLA-Web\expbul3a.gif --> msbangla.789mb.com / expbul3a.gif
2007.05.23 17:00 B C:\Documents and Settings\Alamgir Hossain\Desktop\MSBANGLA\MSBA\MSBANGLA-Web\exphorsa.gif --> msbangla.789mb.com / exphorsa.gif
2007.05.23 17:00 B C:\Documents and Settings\Alamgir Hossain\Desktop\MSBANGLA\MSBA\MSBANGLA-Web\exptextb.jpg --> msbangla.789mb.com / exptextb.jpg
2007.05.23 17:00 B C:\Documents and Settings\Alamgir Hossain\Desktop\MSBANGLA\MSBA\MSBANGLA-Web\FLYER FOR RELAY.htm --> msbangla.789mb.com / FLYER FOR RELAY.htm
2007.05.23 17:00 B C:\Documents and Settings\Alamgir Hossain\Desktop\MSBANGLA\MSBA\MSBANGLA-Web\FLYER FOR RELAY.ppt --> msbangla.789mb.com / FLYER FOR RELAY.ppt
2007.05.23 17:00 B C:\Documents and Settings\Alamgir Hossain\Desktop\MSBANGLA\MSBA\MSBANGLA-Web\form.h1.jpg --> msbangla.789mb.com / form.h1.jpg
2007.05.23 17:00 B C:\Documents and Settings\Alamgir Hossain\Desktop\MSBANGLA\MSBA\MSBANGLA-Web\form.htm --> msbangla.789mb.com / form.htm
2007.05.23 17:00 B C:\Documents and Settings\Alamgir Hossain\Desktop\MSBANGLA\MSBA\MSBANGLA-Web\googlecf0280df8f406cdd.html --> msbangla.789mb.com / googlecf0280df8f406cdd.html
2007.05.23 17:00 B C:\Documents and Settings\Alamgir Hossain\Desktop\MSBANGLA\MSBA\MSBANGLA-Web\histor1.jpg --> msbangla.789mb.com / histor1.jpg
2007.05.23 17:00 B C:\Documents and Settings\Alamgir Hossain\Desktop\MSBANGLA\MSBA\MSBANGLA-Web\history&mission.htm --> msbangla.789mb.com / history&mission.htm
2007.05.23 17:00 B C:\Documents and Settings\Alamgir Hossain\Desktop\MSBANGLA\MSBA\MSBANGLA-Web\index.1.gif --> msbangla.789mb.com / index.1.gif
2007.05.23 17:00 B C:\Documents and Settings\Alamgir Hossain\Desktop\MSBANGLA\MSBA\MSBANGLA-Web\index.1.jpg --> msbangla.789mb.com / index.1.jpg
2007.05.23 17:00 B C:\Documents and Settings\Alamgir Hossain\Desktop\MSBANGLA\MSBA\MSBANGLA-Web\index.2.gif --> msbangla.789mb.com / index.2.gif
2007.05.23 17:00 B C:\Documents and Settings\Alamgir Hossain\Desktop\MSBANGLA\MSBA\MSBANGLA-Web\index.4.gif --> msbangla.789mb.com / index.4.gif
2007.05.23 17:00 B C:\Documents and Settings\Alamgir Hossain\Desktop\MSBANGLA\MSBA\MSBANGLA-Web\index.5.gif --> msbangla.789mb.com / index.5.gif
2007.05.23 17:00 B C:\Documents and Settings\Alamgir Hossain\Desktop\MSBANGLA\MSBA\MSBANGLA-Web\index.6.gif --> msbangla.789mb.com / index.6.gif
2007.05.23 17:00 B C:\Documents and Settings\Alamgir Hossain\Desktop\MSBANGLA\MSBA\MSBANGLA-Web\index.7.gif --> msbangla.789mb.com / index.7.gif
2007.05.23 17:00 B C:\Documents and Settings\Alamgir Hossain\Desktop\MSBANGLA\MSBA\MSBANGLA-Web\index.8.gif --> msbangla.789mb.com / index.8.gif
2007.05.23 17:00 B C:\Documents and Settings\Alamgir Hossain\Desktop\MSBANGLA\MSBA\MSBANGLA-Web\index.9.gif --> msbangla.789mb.com / index.9.gif
2007.05.23 17:00 B C:\Documents and Settings\Alamgir Hossain\Desktop\MSBANGLA\MSBA\MSBANGLA-Web\index.html --> msbangla.789mb.com / index.html
2007.05.23 17:00 B C:\Documents and Settings\Alamgir Hossain\Desktop\MSBANGLA\MSBA\MSBANGLA-Web\index_2.htm --> msbangla.789mb.com / index_2.htm
2007.05.23 17:01 B C:\Documents and Settings\Alamgir Hossain\Desktop\MSBANGLA\MSBA\MSBANGLA-Web\index_mod.htm --> msbangla.789mb.com / index_mod.htm
2007.05.23 17:01 B C:\Documents and Settings\Alamgir Hossain\Desktop\MSBANGLA\MSBA\MSBANGLA-Web\index_mod.html --> msbangla.789mb.com / index_mod.html
2007.05.23 17:01 B C:\Documents and Settings\Alamgir Hossain\Desktop\MSBANGLA\MSBA\MSBANGLA-Web\index_save.htm --> msbangla.789mb.com / index_save.htm
2007.05.23 17:01 B C:\Documents and Settings\Alamgir Hossain\Desktop\MSBANGLA\MSBA\MSBANGLA-Web\index_test.htm --> msbangla.789mb.com / index_test.htm
2007.05.23 17:01 B C:\Documents and Settings\Alamgir Hossain\Desktop\MSBANGLA\MSBA\MSBANGLA-Web\mailbox.gif --> msbangla.789mb.com / mailbox.gif
2007.05.23 17:01 B C:\Documents and Settings\Alamgir Hossain\Desktop\MSBANGLA\MSBA\MSBANGLA-Web\MBA1.htm --> msbangla.789mb.com / MBA1.htm
2007.05.23 17:01 B C:\Documents and Settings\Alamgir Hossain\Desktop\MSBANGLA\MSBA\MSBANGLA-Web\Mississippi Bangla Academy.htm --> msbangla.789mb.com / Mississippi Bangla Academy.htm
2007.05.23 17:01 B C:\Documents and Settings\Alamgir Hossain\Desktop\MSBANGLA\MSBA\MSBANGLA-Web\newsletter.htm --> msbangla.789mb.com / newsletter.htm
2007.05.23 17:01 B C:\Documents and Settings\Alamgir Hossain\Desktop\MSBANGLA\MSBA\MSBANGLA-Web\pastev1.gif --> msbangla.789mb.com / pastev1.gif
2007.05.23 17:01 B C:\Documents and Settings\Alamgir Hossain\Desktop\MSBANGLA\MSBA\MSBANGLA-Web\pastev2.jpg --> msbangla.789mb.com / pastev2.jpg
2007.05.23 17:01 B C:\Documents and Settings\Alamgir Hossain\Desktop\MSBANGLA\MSBA\MSBANGLA-Web\pastev3.gif --> msbangla.789mb.com / pastev3.gif
2007.05.23 17:01 B C:\Documents and Settings\Alamgir Hossain\Desktop\MSBANGLA\MSBA\MSBANGLA-Web\pastev3.jpg --> msbangla.789mb.com / pastev3.jpg
2007.05.23 17:01 B C:\Documents and Settings\Alamgir Hossain\Desktop\MSBANGLA\MSBA\MSBANGLA-Web\pastevents.htm --> msbangla.789mb.com / pastevents.htm
2007.05.23 17:01 B C:\Documents and Settings\Alamgir Hossain\Desktop\MSBANGLA\MSBA\MSBANGLA-Web\Redirect.htm --> msbangla.789mb.com / Redirect.htm
2007.05.23 17:01 B C:\Documents and Settings\Alamgir Hossain\Desktop\MSBANGLA\MSBA\MSBANGLA-Web\Slide1.GIF --> msbangla.789mb.com / Slide1.GIF
2007.05.23 17:01 B C:\Documents and Settings\Alamgir Hossain\Desktop\MSBANGLA\MSBA\MSBANGLA-Web\Thumbs.db --> msbangla.789mb.com / Thumbs.db
2007.05.23 17:01 B C:\Documents and Settings\Alamgir Hossain\Desktop\MSBANGLA\MSBA\MSBANGLA-Web\WS_FTP.LOG --> msbangla.789mb.com / WS_FTP.LOG
2007.05.23 17:06 B C:\Documents and Settings\Alamgir Hossain\Desktop\MSBANGLA\MSBA\MSBANGLA-Web\mailbox.gif --> msbangla.789mb.com / mailbox.gif
2007.05.24 12:50 B C:\Documents and Settings\Alamgir Hossain\Desktop\MSBANGLA\MSBA\MSBANGLA-Web\index.html --> msbangla.789mb.com / index.html
2007.05.24 12:52 B C:\Documents and Settings\Alamgir Hossain\Desktop\MSBANGLA\MSBA\MSBANGLA-Web\pastevents.htm --> msbangla.789mb.com / pastevents.htm
2007.05.24 12:52 B C:\Documents and Settings\Alamgir Hossain\Desktop\MSBANGLA\MSBA\MSBANGLA-Web\pastevents.htm --> msbangla.789mb.com / pastevents.htm
2007.05.24 18:06 B C:\Documents and Settings\Alamgir Hossain\Desktop\MSBANGLA\MSBA\MSBANGLA-Web\index.html --> msbangla.789mb.com / index.html
2007.05.24 20:19 B C:\Documents and Settings\Alamgir Hossain\Desktop\MSBANGLA\MSBA\MSBANGLA-Web\index.html --> ftp.zendurl.com / index.html
2007.05.24 20:19 B C:\Documents and Settings\Alamgir Hossain\Desktop\MSBANGLA\MSBA\MSBANGLA-Web\index.html --> ftp.zendurl.com / index.html
2007.05.24 20:27 B C:\Documents and Settings\Alamgir Hossain\Desktop\MSBANGLA\MSBA\MSBANGLA-Web\pastevents.htm --> ftp.zendurl.com / pastevents.htm
2007.05.24 20:27 B C:\Documents and Settings\Alamgir Hossain\Desktop\MSBANGLA\MSBA\MSBANGLA-Web\pastevents.htm --> ftp.zendurl.com / pastevents.htm
2007.05.25 21:39 B C:\Documents and Settings\Alamgir Hossain\Desktop\MSBANGLA\MSBA\MSBANGLA-Web\history&mission.htm --> msbangla.789mb.com / history&mission.htm
2007.05.25 21:39 B C:\Documents and Settings\Alamgir Hossain\Desktop\MSBANGLA\MSBA\MSBANGLA-Web\history&mission.htm --> msbangla.789mb.com / history&mission.htm
2007.05.25 23:34 B C:\Documents and Settings\Alamgir Hossain\Desktop\MSBANGLA\MSBA\MSBANGLA-Web\index.html --> msbangla.789mb.com / index.html
2007.05.26 07:42 B C:\Documents and Settings\Alamgir Hossain\Desktop\MSBANGLA\MSBA\MSBANGLA-Web\index.html --> msbangla.789mb.com / index.html
2007.05.26 07:44 B C:\Documents and Settings\Alamgir Hossain\Desktop\MSBANGLA\MSBA\MSBANGLA-Web\index.html --> msbangla.789mb.com / index.html
2007.05.26 07:49 B C:\Documents and Settings\Alamgir Hossain\Desktop\MSBANGLA\MSBA\MSBANGLA-Web\index.html --> msbangla.789mb.com / index.html
2007.05.26 09:08 B C:\Documents and Settings\Alamgir Hossain\Desktop\MSBANGLA\MSBA\MSBANGLA-Web\index.html --> msbangla.789mb.com / index.html
2007.05.28 00:36 B C:\Documents and Settings\Alamgir Hossain\Desktop\MSBANGLA\MSBA\MSBANGLA-Web\pastevents.htm --> ftp.zendurl.com / pastevents.htm
2007.05.28 00:37 B C:\Documents and Settings\Alamgir Hossain\Desktop\MSBANGLA\MSBA\MSBANGLA-Web\pastevents.htm --> ftp.zendurl.com / pastevents.htm
2007.05.28 10:11 B C:\Documents and Settings\Alamgir Hossain\Desktop\MSBANGLA\MSBA\MSBANGLA-Web\pastevents.htm --> ftp.zendurl.com / pastevents.htm
2007.05.28 10:11 B C:\Documents and Settings\Alamgir Hossain\Desktop\MSBANGLA\MSBA\MSBANGLA-Web\pastevents.htm --> ftp.zendurl.com / pastevents.htm
2007.05.28 10:25 B C:\Documents and Settings\Alamgir Hossain\Desktop\MSBANGLA\MSBA\MSBANGLA-Web\pastevents.htm --> ftp.zendurl.com / pastevents.htm
2007.05.28 12:03 B C:\Documents and Settings\Alamgir Hossain\Desktop\MSBANGLA\MSBA\MSBANGLA-Web\pastevents.htm --> msbangla.789mb.com / pastevents.htm
2007.05.28 12:03 B C:\Documents and Settings\Alamgir Hossain\Desktop\MSBANGLA\MSBA\MSBANGLA-Web\pastevents.htm --> msbangla.789mb.com / pastevents.htm
2007.05.29 00:07 B C:\Documents and Settings\Alamgir Hossain\Desktop\MSBANGLA\MSBA\MSBANGLA-Web\pastevents.htm --> msbangla.789mb.com / pastevents.htm
2007.05.29 00:08 B C:\Documents and Settings\Alamgir Hossain\Desktop\MSBANGLA\MSBA\MSBANGLA-Web\pastevents.htm --> msbangla.789mb.com / pastevents.htm
2007.05.29 00:09 B C:\Documents and Settings\Alamgir Hossain\Desktop\MSBANGLA\MSBA\MSBANGLA-Web\pastevents.htm --> msbangla.789mb.com / pastevents.htm
2007.05.29 00:10 B C:\Documents and Settings\Alamgir Hossain\Desktop\MSBANGLA\MSBA\MSBANGLA-Web\pastevents.htm --> msbangla.789mb.com / pastevents.htm
2007.05.30 22:10 B C:\Documents and Settings\Alamgir Hossain\Desktop\MSBANGLA\MSBA\MSBANGLA-Web\index_2.htm --> msbangla.789mb.com / index_2.htm
2007.05.30 22:13 B C:\Documents and Settings\Alamgir Hossain\Desktop\MSBANGLA\MSBA\MSBANGLA-Web\index_test2.html --> ftp.zendurl.com / index_test2.html
2007.05.30 22:16 B C:\Documents and Settings\Alamgir Hossain\Desktop\MSBANGLA\MSBA\MSBANGLA-Web\test.html --> ftp.zendurl.com / test.html
2007.05.30 22:19 B C:\Documents and Settings\Alamgir Hossain\Desktop\MSBANGLA\MSBA\MSBANGLA-Web\test2.html --> ftp.zendurl.com / test2.html
2007.05.30 22:21 B C:\Documents and Settings\Alamgir Hossain\Desktop\MSBANGLA\MSBA\MSBANGLA-Web\test2.html --> ftp.zendurl.com / test2.html
2007.05.30 22:22 B C:\Documents and Settings\Alamgir Hossain\Desktop\MSBANGLA\MSBA\MSBANGLA-Web\test2.html --> ftp.zendurl.com / test2.html
2007.05.30 22:28 B C:\Documents and Settings\Alamgir Hossain\Desktop\MSBANGLA\MSBA\MSBANGLA-Web\test2.html --> ftp.zendurl.com / test2.html
2007.05.31 00:54 B C:\Documents and Settings\Alamgir Hossain\Desktop\MSBANGLA\MSBA\MSBANGLA-Web\pastevents.htm --> msbangla.789mb.com / pastevents.htm
2007.05.31 07:46 B C:\Documents and Settings\Alamgir Hossain\Desktop\MSBANGLA\MSBA\MSBANGLA-Web\pastevents.htm --> msbangla.789mb.com / pastevents.htm
2007.05.31 07:53 B C:\Documents and Settings\Alamgir Hossain\Desktop\MSBANGLA\MSBA\MSBANGLA-Web\pastevents.htm --> ftp.zendurl.com / pastevents.htm
2007.06.01 21:10 B C:\Documents and Settings\Alamgir Hossain\Desktop\MSBANGLA\MSBA\MSBANGLA-Web\pastevents.htm --> msbangla.789mb.com / pastevents.htm
2007.06.01 21:40 B C:\Documents and Settings\Alamgir Hossain\Desktop\MSBANGLA\MSBA\MSBANGLA-Web\pastevents.htm --> ftp.zendurl.com / pastevents.htm
2007.06.01 23:00 B C:\Documents and Settings\Alamgir Hossain\Desktop\MSBANGLA\MSBA\MSBANGLA-Web\pastevents.htm --> msbangla.789mb.com / pastevents.htm
2007.06.01 23:01 B C:\Documents and Settings\Alamgir Hossain\Desktop\MSBANGLA\MSBA\MSBANGLA-Web\pastevents.htm --> ftp.zendurl.com / pastevents.htm
2007.08.14 16:40 B C:\Documents and Settings\Alamgir Hossain\Desktop\MSBANGLA\MSBA\MSBANGLA-Web\index.html --> msbangla.789mb.com / index.html
2007.09.05 19:34 B C:\Documents and Settings\Alamgir Hossain\Desktop\MSBANGLA\MSBA\MSBANGLA-Web\index.html --> msbangla.789mb.com / index.html
2007.09.05 19:34 B C:\Documents and Settings\Alamgir Hossain\Desktop\MSBANGLA\MSBA\MSBANGLA-Web\announcemnets.htm --> msbangla.789mb.com / announcemnets.htm
2007.09.05 21:20 B C:\Documents and Settings\Alamgir Hossain\Desktop\MSBANGLA\MSBA\MSBANGLA-Web\index.html --> msbangla.789mb.com / index.html
2007.09.05 21:20 B C:\Documents and Settings\Alamgir Hossain\Desktop\MSBANGLA\MSBA\MSBANGLA-Web\announcemnets.htm --> msbangla.789mb.com / announcemnets.htm
2007.09.11 21:21 B C:\Documents and Settings\Alamgir Hossain\Desktop\MSBANGLA\MSBA\MSBANGLA-Web\index.html --> msbangla.789mb.com / index.html
2007.09.12 22:57 B C:\Documents and Settings\Alamgir Hossain\Desktop\MSBANGLA\MSBA\MSBANGLA-Web\announcemnets.htm --> msbangla.789mb.com / announcemnets.htm
2007.09.12 22:57 B C:\Documents and Settings\Alamgir Hossain\Desktop\MSBANGLA\MSBA\MSBANGLA-Web\Minutes of MBA Meeting 9-8-07.htm --> msbangla.789mb.com / Minutes of MBA Meeting 9-8-07.htm
2007.09.21 22:27 B C:\Documents and Settings\Alamgir Hossain\Desktop\MSBANGLA\MSBA\MSBANGLA-Web\announcemnets.htm --> msbangla.789mb.com / announcemnets.htm
2007.09.21 22:49 B C:\Documents and Settings\Alamgir Hossain\Desktop\MSBANGLA\MSBA\MSBANGLA-Web\index.html --> msbangla.789mb.com / index.html
2007.09.26 20:14 B C:\Documents and Settings\Alamgir Hossain\Desktop\MSBANGLA\MSBA\MSBANGLA-Web\index.html --> msbangla.789mb.com / index.html
2007.10.22 21:14 B C:\Documents and Settings\Alamgir Hossain\Desktop\MSBANGLA\MSBA\MSBANGLA-Web\pastevents.htm --> msbangla.789mb.com / pastevents.htm
2007.10.22 21:20 B C:\Documents and Settings\Alamgir Hossain\Desktop\MSBANGLA\MSBA\MSBANGLA-Web\pastevents.htm --> msbangla.789mb.com / pastevents.htm
2007.10.22 21:44 B C:\Documents and Settings\Alamgir Hossain\Desktop\MSBANGLA\MSBA\MSBANGLA-Web\pastevents.htm --> msbangla.789mb.com / pastevents.htm
2007.10.22 22:04 B C:\Documents and Settings\Alamgir Hossain\Desktop\MSBANGLA\MSBA\MSBANGLA-Web\pastevents.htm --> msbangla.789mb.com / pastevents.htm
2007.10.23 22:12 B C:\Documents and Settings\Alamgir Hossain\Desktop\MSBANGLA\MSBA\MSBANGLA-Web\pastevents.htm --> msbangla.789mb.com / pastevents.htm
2007.10.24 20:45 B C:\Documents and Settings\Alamgir Hossain\Desktop\MSBANGLA\MSBA\MSBANGLA-Web\pastevents.htm --> msbangla.789mb.com / pastevents.htm
2007.10.24 20:50 B C:\Documents and Settings\Alamgir Hossain\Desktop\MSBANGLA\MSBA\MSBANGLA-Web\pastevents.htm --> msbangla.789mb.com / pastevents.htm
2007.11.04 18:27 B C:\Documents and Settings\Alamgir Hossain\Desktop\MSBANGLA\MSBA\MSBANGLA-Web\index.html --> ftp.zendurl.com / index.html
2007.11.04 18:33 B C:\Documents and Settings\Alamgir Hossain\Desktop\MSBANGLA\MSBA\MSBANGLA-Web\pastevents.htm --> ftp.zendurl.com / pastevents.htm
2007.11.04 18:35 B C:\Documents and Settings\Alamgir Hossain\Desktop\MSBANGLA\MSBA\MSBANGLA-Web\announcemnets.htm --> ftp.zendurl.com / announcemnets.htm
2007.11.04 19:29 B C:\Documents and Settings\Alamgir Hossain\Desktop\MSBANGLA\MSBA\MSBANGLA-Web\history&mission.htm --> ftp.zendurl.com / history&mission.htm
2007.12.02 17:31 B C:\Documents and Settings\Alamgir Hossain\Desktop\MSBANGLA\MSBA\MSBANGLA-Web\index.html --> ftp.zendurl.com / index.html
2007.12.02 21:32 B C:\Documents and Settings\Alamgir Hossain\Desktop\MSBANGLA\MSBA\MSBANGLA-Web\index.html --> ftp.zendurl.com / index.html
2007.12.02 21:34 B C:\Documents and Settings\Alamgir Hossain\Desktop\MSBANGLA\MSBA\MSBANGLA-Web\index.html --> ftp.zendurl.com / index.html
2007.12.03 21:32 B C:\Documents and Settings\Alamgir Hossain\Desktop\MSBANGLA\MSBA\MSBANGLA-Web\index.html --> ftp.zendurl.com / index.html
2007.12.03 21:34 B C:\Documents and Settings\Alamgir Hossain\Desktop\MSBANGLA\MSBA\MSBANGLA-Web\index.html --> ftp.zendurl.com / index.html
2007.12.03 21:35 B C:\Documents and Settings\Alamgir Hossain\Desktop\MSBANGLA\MSBA\MSBANGLA-Web\index.html --> ftp.zendurl.com / index.html
2007.12.03 21:37 B C:\Documents and Settings\Alamgir Hossain\Desktop\MSBANGLA\MSBA\MSBANGLA-Web\index.html --> ftp.zendurl.com / index.html
2007.12.09 19:52 B C:\Documents and Settings\Alamgir Hossain\Desktop\MSBANGLA\MSBA\MSBANGLA-Web\index.html --> ftp.zendurl.com / index.html
2007.12.09 19:52 B C:\Documents and Settings\Alamgir Hossain\Desktop\MSBANGLA\MSBA\MSBANGLA-Web\index.html --> ftp.zendurl.com / index.html
2007.12.09 19:52 B C:\Documents and Settings\Alamgir Hossain\Desktop\MSBANGLA\MSBA\MSBANGLA-Web\index.html --> ftp.zendurl.com / index.html
2007.12.09 19:53 B C:\Documents and Settings\Alamgir Hossain\Desktop\MSBANGLA\MSBA\MSBANGLA-Web\index.html --> ftp.zendurl.com / index.html
2007.12.09 19:53 B C:\Documents and Settings\Alamgir Hossain\Desktop\MSBANGLA\MSBA\MSBANGLA-Web\index.html --> ftp.zendurl.com / index.html
2007.12.09 19:55 B C:\Documents and Settings\Alamgir Hossain\Desktop\MSBANGLA\MSBA\MSBANGLA-Web\index.html --> ftp.zendurl.com / index.html
2008.02.09 23:24 B C:\Documents and Settings\Alamgir Hossain\Desktop\MSBANGLA\MSBA\MSBANGLA-Web\index.html --> ftp.zendurl.com / index.html
2008.02.09 23:24 B C:\Documents and Settings\Alamgir Hossain\Desktop\MSBANGLA\MSBA\MSBANGLA-Web\index.html --> ftp.zendurl.com / index.html
2008.02.09 23:24 B C:\Documents and Settings\Alamgir Hossain\Desktop\MSBANGLA\MSBA\MSBANGLA-Web\index.html --> ftp.zendurl.com / index.html
2008.02.09 23:25 B C:\Documents and Settings\Alamgir Hossain\Desktop\MSBANGLA\MSBA\MSBANGLA-Web\index.html --> ftp.zendurl.com / index.html
2008.02.09 23:25 B C:\Documents and Settings\Alamgir Hossain\Desktop\MSBANGLA\MSBA\MSBANGLA-Web\index.html --> ftp.zendurl.com / index.html
2008.02.09 23:25 B C:\Documents and Settings\Alamgir Hossain\Desktop\MSBANGLA\MSBA\MSBANGLA-Web\test.html --> ftp.zendurl.com / test.html
2008.02.09 23:28 B C:\Documents and Settings\Alamgir Hossain\Desktop\MSBANGLA\MSBA\MSBANGLA-Web\index.html --> ftp.zendurl.com / index.html
2008.02.09 23:28 B C:\Documents and Settings\Alamgir Hossain\Desktop\MSBANGLA\MSBA\MSBANGLA-Web\index.html --> ftp.zendurl.com / index.html
2008.02.09 23:28 B C:\Documents and Settings\Alamgir Hossain\Desktop\MSBANGLA\MSBA\MSBANGLA-Web\index.html --> ftp.zendurl.com / index.html
2008.02.09 23:28 B C:\Documents and Settings\Alamgir Hossain\Desktop\MSBANGLA\MSBA\MSBANGLA-Web\index.html --> ftp.zendurl.com / index.html
2008.02.09 23:28 B C:\Documents and Settings\Alamgir Hossain\Desktop\MSBANGLA\MSBA\MSBANGLA-Web\test2.html --> ftp.zendurl.com / test2.html
2008.02.09 23:29 B C:\Documents and Settings\Alamgir Hossain\Desktop\MSBANGLA\MSBA\MSBANGLA-Web\test.html --> ftp.zendurl.com / test.html
2008.02.09 23:30 B C:\Documents and Settings\Alamgir Hossain\Desktop\MSBANGLA\MSBA\MSBANGLA-Web\index.html --> ftp.zendurl.com / index.html
2008.02.09 23:30 B C:\Documents and Settings\Alamgir Hossain\Desktop\MSBANGLA\MSBA\MSBANGLA-Web\index.html --> ftp.zendurl.com / index.html
2008.02.09 23:30 B C:\Documents and Settings\Alamgir Hossain\Desktop\MSBANGLA\MSBA\MSBANGLA-Web\index.html --> ftp.zendurl.com / index.html
2008.02.09 23:30 B C:\Documents and Settings\Alamgir Hossain\Desktop\MSBANGLA\MSBA\MSBANGLA-Web\index.html --> ftp.zendurl.com / index.html
2008.02.09 23:30 B C:\Documents and Settings\Alamgir Hossain\Desktop\MSBANGLA\MSBA\MSBANGLA-Web\index.html --> ftp.zendurl.com / index.html
2008.02.09 23:30 A C:\Documents and Settings\Alamgir Hossain\Desktop\MSBANGLA\MSBA\MSBANGLA-Web\index.html --> ftp.zendurl.com / index.html
2008.02.09 23:30 B C:\Documents and Settings\Alamgir Hossain\Desktop\MSBANGLA\MSBA\MSBANGLA-Web\index.html --> ftp.zendurl.com / index.html
2008.02.09 23:30 B C:\Documents and Settings\Alamgir Hossain\Desktop\MSBANGLA\MSBA\MSBANGLA-Web\index.html --> ftp.zendurl.com / index.html
2008.02.09 23:31 B C:\Documents and Settings\Alamgir Hossain\Desktop\MSBANGLA\MSBA\MSBANGLA-Web\index.html --> ftp.zendurl.com / index.html
2008.02.09 23:31 B C:\Documents and Settings\Alamgir Hossain\Desktop\MSBANGLA\MSBA\MSBANGLA-Web\index.html --> ftp.zendurl.com / index.html
2008.02.09 23:31 B C:\Documents and Settings\Alamgir Hossain\Desktop\MSBANGLA\MSBA\MSBANGLA-Web\index.html --> ftp.zendurl.com / index.html
2008.02.09 23:31 B C:\Documents and Settings\Alamgir Hossain\Desktop\MSBANGLA\MSBA\MSBANGLA-Web\index.html --> ftp.zendurl.com / index.html
2008.02.09 23:31 B C:\Documents and Settings\Alamgir Hossain\Desktop\MSBANGLA\MSBA\MSBANGLA-Web\index.html --> ftp.zendurl.com / index.html
2008.02.09 23:40 B C:\Documents and Settings\Alamgir Hossain\Desktop\MSBANGLA\MSBA\MSBANGLA-Web\index.html --> ftp.zendurl.com / index.html
2008.02.09 23:40 B C:\Documents and Settings\Alamgir Hossain\Desktop\MSBANGLA\MSBA\MSBANGLA-Web\index.html --> ftp.zendurl.com / index.html
2008.02.09 23:40 B C:\Documents and Settings\Alamgir Hossain\Desktop\MSBANGLA\MSBA\MSBANGLA-Web\index.html --> ftp.zendurl.com / index.html
2008.02.09 23:40 B C:\Documents and Settings\Alamgir Hossain\Desktop\MSBANGLA\MSBA\MSBANGLA-Web\index.html --> ftp.zendurl.com / index.html
2008.02.09 23:40 B C:\Documents and Settings\Alamgir Hossain\Desktop\MSBANGLA\MSBA\MSBANGLA-Web\index.html --> ftp.zendurl.com / index.html
2008.02.09 23:40 B C:\Documents and Settings\Alamgir Hossain\Desktop\MSBANGLA\MSBA\MSBANGLA-Web\index.html --> ftp.zendurl.com / index.html
2008.02.09 23:42 B C:\Documents and Settings\Alamgir Hossain\Desktop\MSBANGLA\MSBA\MSBANGLA-Web\index.html --> ftp.zendurl.com / index.html
2008.02.09 23:43 B C:\Documents and Settings\Alamgir Hossain\Desktop\MSBANGLA\MSBA\MSBANGLA-Web\index.html --> ftp.zendurl.com / index.html
2008.02.09 23:43 B C:\Documents and Settings\Alamgir Hossain\Desktop\MSBANGLA\MSBA\MSBANGLA-Web\index.html --> ftp.zendurl.com / index.html
2008.02.09 23:43 B C:\Documents and Settings\Alamgir Hossain\Desktop\MSBANGLA\MSBA\MSBANGLA-Web\index.html --> ftp.zendurl.com / index.html
2008.02.09 23:43 B C:\Documents and Settings\Alamgir Hossain\Desktop\MSBANGLA\MSBA\MSBANGLA-Web\index.html --> ftp.zendurl.com / index.html
2008.02.10 07:25 B C:\Documents and Settings\Alamgir Hossain\Desktop\MSBANGLA\MSBA\MSBANGLA-Web\index.html --> ftp.zendurl.com / index.html
2008.02.10 07:26 B C:\Documents and Settings\Alamgir Hossain\Desktop\MSBANGLA\MSBA\MSBANGLA-Web\index.html --> ftp.zendurl.com / index.html
2008.02.10 07:26 B C:\Documents and Settings\Alamgir Hossain\Desktop\MSBANGLA\MSBA\MSBANGLA-Web\index.html --> ftp.zendurl.com / index.html
2008.02.13 20:55 B C:\Documents and Settings\Alamgir Hossain\Desktop\MSBANGLA\MSBA\MSBANGLA-Web\index.html --> msbangla.110mb.com / index.html
2008.02.13 21:49 B C:\Documents and Settings\Alamgir Hossain\Desktop\MSBANGLA\MSBA\MSBANGLA-Web\announcemnets.htm --> msbangla.110mb.com / announcemnets.htm
2008.02.13 21:49 B C:\Documents and Settings\Alamgir Hossain\Desktop\MSBANGLA\MSBA\MSBANGLA-Web\banglfont.gif --> msbangla.110mb.com / banglfont.gif
2008.02.13 21:49 B C:\Documents and Settings\Alamgir Hossain\Desktop\MSBANGLA\MSBA\MSBANGLA-Web\eidreunion06.htm --> msbangla.110mb.com / eidreunion06.htm
2008.02.13 21:49 B C:\Documents and Settings\Alamgir Hossain\Desktop\MSBANGLA\MSBA\MSBANGLA-Web\expbul1a.gif --> msbangla.110mb.com / expbul1a.gif
2008.02.13 21:50 B C:\Documents and Settings\Alamgir Hossain\Desktop\MSBANGLA\MSBA\MSBANGLA-Web\expbul2a.gif --> msbangla.110mb.com / expbul2a.gif
2008.02.13 21:50 B C:\Documents and Settings\Alamgir Hossain\Desktop\MSBANGLA\MSBA\MSBANGLA-Web\expbul3a.gif --> msbangla.110mb.com / expbul3a.gif
2008.02.13 21:50 B C:\Documents and Settings\Alamgir Hossain\Desktop\MSBANGLA\MSBA\MSBANGLA-Web\exphorsa.gif --> msbangla.110mb.com / exphorsa.gif
2008.02.13 21:50 B C:\Documents and Settings\Alamgir Hossain\Desktop\MSBANGLA\MSBA\MSBANGLA-Web\exptextb.jpg --> msbangla.110mb.com / exptextb.jpg
2008.02.13 21:50 B C:\Documents and Settings\Alamgir Hossain\Desktop\MSBANGLA\MSBA\MSBANGLA-Web\FLYER FOR RELAY.htm --> msbangla.110mb.com / FLYER FOR RELAY.htm
2008.02.13 21:50 B C:\Documents and Settings\Alamgir Hossain\Desktop\MSBANGLA\MSBA\MSBANGLA-Web\FLYER FOR RELAY.ppt --> msbangla.110mb.com / FLYER FOR RELAY.ppt
2008.02.13 21:50 B C:\Documents and Settings\Alamgir Hossain\Desktop\MSBANGLA\MSBA\MSBANGLA-Web\form.h1.jpg --> msbangla.110mb.com / form.h1.jpg
2008.02.13 21:51 B C:\Documents and Settings\Alamgir Hossain\Desktop\MSBANGLA\MSBA\MSBANGLA-Web\form.htm --> msbangla.110mb.com / form.htm
2008.02.13 21:51 B C:\Documents and Settings\Alamgir Hossain\Desktop\MSBANGLA\MSBA\MSBANGLA-Web\googlecf0280df8f406cdd.html --> msbangla.110mb.com / googlecf0280df8f406cdd.html
2008.02.13 21:51 B C:\Documents and Settings\Alamgir Hossain\Desktop\MSBANGLA\MSBA\MSBANGLA-Web\histor1.jpg --> msbangla.110mb.com / histor1.jpg
2008.02.13 21:51 B C:\Documents and Settings\Alamgir Hossain\Desktop\MSBANGLA\MSBA\MSBANGLA-Web\history&mission.htm --> msbangla.110mb.com / history&mission.htm
2008.02.13 21:51 B C:\Documents and Settings\Alamgir Hossain\Desktop\MSBANGLA\MSBA\MSBANGLA-Web\index.1.gif --> msbangla.110mb.com / index.1.gif
2008.02.13 21:51 B C:\Documents and Settings\Alamgir Hossain\Desktop\MSBANGLA\MSBA\MSBANGLA-Web\index.1.jpg --> msbangla.110mb.com / index.1.jpg
2008.02.13 21:51 B C:\Documents and Settings\Alamgir Hossain\Desktop\MSBANGLA\MSBA\MSBANGLA-Web\index.2.gif --> msbangla.110mb.com / index.2.gif
2008.02.13 21:51 B C:\Documents and Settings\Alamgir Hossain\Desktop\MSBANGLA\MSBA\MSBANGLA-Web\index.4.gif --> msbangla.110mb.com / index.4.gif
2008.02.13 21:51 B C:\Documents and Settings\Alamgir Hossain\Desktop\MSBANGLA\MSBA\MSBANGLA-Web\index.5.gif --> msbangla.110mb.com / index.5.gif
2008.02.13 21:51 B C:\Documents and Settings\Alamgir Hossain\Desktop\MSBANGLA\MSBA\MSBANGLA-Web\index.6.gif --> msbangla.110mb.com / index.6.gif
2008.02.13 21:51 B C:\Documents and Settings\Alamgir Hossain\Desktop\MSBANGLA\MSBA\MSBANGLA-Web\index.7.gif --> msbangla.110mb.com / index.7.gif
2008.02.13 21:51 B C:\Documents and Settings\Alamgir Hossain\Desktop\MSBANGLA\MSBA\MSBANGLA-Web\index.8.gif --> msbangla.110mb.com / index.8.gif
2008.02.13 21:51 B C:\Documents and Settings\Alamgir Hossain\Desktop\MSBANGLA\MSBA\MSBANGLA-Web\index.9.gif --> msbangla.110mb.com / index.9.gif
2008.02.13 21:51 B C:\Documents and Settings\Alamgir Hossain\Desktop\MSBANGLA\MSBA\MSBANGLA-Web\index.html --> msbangla.110mb.com / index.html
2008.02.13 21:51 B C:\Documents and Settings\Alamgir Hossain\Desktop\MSBANGLA\MSBA\MSBANGLA-Web\index_2.htm --> msbangla.110mb.com / index_2.htm
2008.02.13 21:51 B C:\Documents and Settings\Alamgir Hossain\Desktop\MSBANGLA\MSBA\MSBANGLA-Web\index_mod.htm --> msbangla.110mb.com / index_mod.htm
2008.02.13 21:52 B C:\Documents and Settings\Alamgir Hossain\Desktop\MSBANGLA\MSBA\MSBANGLA-Web\index_mod.html --> msbangla.110mb.com / index_mod.html
2008.02.13 21:52 B C:\Documents and Settings\Alamgir Hossain\Desktop\MSBANGLA\MSBA\MSBANGLA-Web\index_save.htm --> msbangla.110mb.com / index_save.htm
2008.02.13 21:52 B C:\Documents and Settings\Alamgir Hossain\Desktop\MSBANGLA\MSBA\MSBANGLA-Web\index_save2.html --> msbangla.110mb.com / index_save2.html
2008.02.13 21:52 B C:\Documents and Settings\Alamgir Hossain\Desktop\MSBANGLA\MSBA\MSBANGLA-Web\index_test.htm --> msbangla.110mb.com / index_test.htm
2008.02.13 21:52 B C:\Documents and Settings\Alamgir Hossain\Desktop\MSBANGLA\MSBA\MSBANGLA-Web\index_test2.html --> msbangla.110mb.com / index_test2.html
2008.02.13 21:52 B C:\Documents and Settings\Alamgir Hossain\Desktop\MSBANGLA\MSBA\MSBANGLA-Web\mailbox.gif --> msbangla.110mb.com / mailbox.gif
2008.02.13 21:52 B C:\Documents and Settings\Alamgir Hossain\Desktop\MSBANGLA\MSBA\MSBANGLA-Web\MBA1.htm --> msbangla.110mb.com / MBA1.htm
2008.02.13 21:52 B C:\Documents and Settings\Alamgir Hossain\Desktop\MSBANGLA\MSBA\MSBANGLA-Web\Minutes of MBA Meeting 9-8-07.htm --> msbangla.110mb.com / Minutes of MBA Meeting 9-8-07.htm
2008.02.13 21:52 B C:\Documents and Settings\Alamgir Hossain\Desktop\MSBANGLA\MSBA\MSBANGLA-Web\Mississippi Bangla Academy.htm --> msbangla.110mb.com / Mississippi Bangla Academy.htm
2008.02.13 21:52 B C:\Documents and Settings\Alamgir Hossain\Desktop\MSBANGLA\MSBA\MSBANGLA-Web\newsletter.htm --> msbangla.110mb.com / newsletter.htm
2008.02.13 21:52 B C:\Documents and Settings\Alamgir Hossain\Desktop\MSBANGLA\MSBA\MSBANGLA-Web\pastev1.gif --> msbangla.110mb.com / pastev1.gif
2008.02.13 21:52 B C:\Documents and Settings\Alamgir Hossain\Desktop\MSBANGLA\MSBA\MSBANGLA-Web\pastev2.jpg --> msbangla.110mb.com / pastev2.jpg
2008.02.13 21:53 B C:\Documents and Settings\Alamgir Hossain\Desktop\MSBANGLA\MSBA\MSBANGLA-Web\pastev3.gif --> msbangla.110mb.com / pastev3.gif
2008.02.13 21:53 B C:\Documents and Settings\Alamgir Hossain\Desktop\MSBANGLA\MSBA\MSBANGLA-Web\pastev3.jpg --> msbangla.110mb.com / pastev3.jpg
2008.02.13 21:53 B C:\Documents and Settings\Alamgir Hossain\Desktop\MSBANGLA\MSBA\MSBANGLA-Web\pastevents.htm --> msbangla.110mb.com / pastevents.htm
2008.02.13 21:53 B C:\Documents and Settings\Alamgir Hossain\Desktop\MSBANGLA\MSBA\MSBANGLA-Web\Redirect.htm --> msbangla.110mb.com / Redirect.htm
2008.02.13 21:53 B C:\Documents and Settings\Alamgir Hossain\Desktop\MSBANGLA\MSBA\MSBANGLA-Web\Slide1.GIF --> msbangla.110mb.com / Slide1.GIF
2008.02.13 21:53 B C:\Documents and Settings\Alamgir Hossain\Desktop\MSBANGLA\MSBA\MSBANGLA-Web\test.html --> msbangla.110mb.com / test.html
2008.02.13 21:53 B C:\Documents and Settings\Alamgir Hossain\Desktop\MSBANGLA\MSBA\MSBANGLA-Web\test2.html --> msbangla.110mb.com / test2.html
2008.02.13 21:53 B C:\Documents and Settings\Alamgir Hossain\Desktop\MSBANGLA\MSBA\MSBANGLA-Web\Thumbs.db --> msbangla.110mb.com / Thumbs.db
2008.02.13 21:53 B C:\Documents and Settings\Alamgir Hossain\Desktop\MSBANGLA\MSBA\MSBANGLA-Web\WS_FTP.LOG --> msbangla.110mb.com / WS_FTP.LOG
2008.02.13 21:59 B C:\Documents and Settings\Alamgir Hossain\Desktop\MSBANGLA\MSBA\MSBANGLA-Web\mailbox.gif --> msbangla.110mb.com / mailbox.gif
2008.02.14 22:00 B C:\Documents and Settings\Alamgir Hossain\Desktop\MSBANGLA\MSBA\MSBANGLA-Web\index.html --> msbangla.110mb.com / index.html
2008.02.14 22:00 B C:\Documents and Settings\Alamgir Hossain\Desktop\MSBANGLA\MSBA\MSBANGLA-Web\Spring 2008 Schedule.htm --> msbangla.110mb.com / Spring 2008 Schedule.htm
2008.02.14 22:02 B C:\Documents and Settings\Alamgir Hossain\Desktop\MSBANGLA\MSBA\MSBANGLA-Web\index.3.gif --> msbangla.110mb.com / index.3.gif
2008.03.18 20:03 B C:\Documents and Settings\Alamgir Hossain\Desktop\MSBANGLA\MSBA\MSBANGLA-Web\index.html --> msbangla.110mb.com / index.html
2008.04.13 07:03 B C:\Documents and Settings\Alamgir Hossain\Desktop\MSBANGLA\MSBA\MSBANGLA-Web\index.html --> msbangla.110mb.com / index.html
2008.04.13 22:42 B C:\Documents and Settings\Alamgir Hossain\Desktop\MSBANGLA\MSBA\MSBANGLA-Web\pastevents.htm --> msbangla.110mb.com / pastevents.htm
2008.04.13 23:43 B C:\Documents and Settings\Alamgir Hossain\Desktop\MSBANGLA\MSBA\MSBANGLA-Web\index.html --> msbangla.110mb.com / index.html
2008.04.13 23:45 B C:\Documents and Settings\Alamgir Hossain\Desktop\MSBANGLA\MSBA\MSBANGLA-Web\index.html --> msbangla.110mb.com / index.html
2008.04.15 20:04 B C:\Documents and Settings\Alamgir Hossain\Desktop\MSBANGLA\MSBA\MSBANGLA-Web\pastevents.htm --> msbangla.110mb.com / pastevents.htm
2008.04.15 20:04 B C:\Documents and Settings\Alamgir Hossain\Desktop\MSBANGLA\MSBA\MSBANGLA-Web\pastevents.htm --> msbangla.110mb.com / pastevents.htm
2008.04.15 20:04 B C:\Documents and Settings\Alamgir Hossain\Desktop\MSBANGLA\MSBA\MSBANGLA-Web\pastevents.htm --> msbangla.110mb.com / pastevents.htm
2008.04.15 20:04 B C:\Documents and Settings\Alamgir Hossain\Desktop\MSBANGLA\MSBA\MSBANGLA-Web\pastevents.htm --> msbangla.110mb.com / pastevents.htm
2008.04.15 20:05 B C:\Documents and Settings\Alamgir Hossain\Desktop\MSBANGLA\MSBA\MSBANGLA-Web\pastevents.htm --> msbangla.110mb.com / pastevents.htm
2008.04.15 20:05 B C:\Documents and Settings\Alamgir Hossain\Desktop\MSBANGLA\MSBA\MSBANGLA-Web\pastevents.htm --> msbangla.110mb.com / pastevents.htm
2008.04.15 20:05 B C:\Documents and Settings\Alamgir Hossain\Desktop\MSBANGLA\MSBA\MSBANGLA-Web\pastevents.htm --> msbangla.110mb.com / pastevents.htm
2008.04.15 20:05 B C:\Documents and Settings\Alamgir Hossain\Desktop\MSBANGLA\MSBA\MSBANGLA-Web\pastevents.htm --> msbangla.110mb.com / pastevents.htm
2008.04.15 20:05 B C:\Documents and Settings\Alamgir Hossain\Desktop\MSBANGLA\MSBA\MSBANGLA-Web\pastevents.htm --> msbangla.110mb.com / pastevents.htm
2008.04.15 20:05 B C:\Documents and Settings\Alamgir Hossain\Desktop\MSBANGLA\MSBA\MSBANGLA-Web\pastevents.htm --> msbangla.110mb.com / pastevents.htm
2008.04.15 20:06 B C:\Documents and Settings\Alamgir Hossain\Desktop\MSBANGLA\MSBA\MSBANGLA-Web\newsletter.htm --> msbangla.110mb.com / newsletter.htm
2008.04.15 20:07 B C:\Documents and Settings\Alamgir Hossain\Desktop\MSBANGLA\MSBA\MSBANGLA-Web\pastevents.htm --> msbangla.110mb.com / pastevents.htm
2008.04.15 20:08 B C:\Documents and Settings\Alamgir Hossain\Desktop\MSBANGLA\MSBA\MSBANGLA-Web\history&mission.htm --> msbangla.110mb.com / history&mission.htm
2008.04.15 21:06 B C:\Documents and Settings\Alamgir Hossain\Desktop\MSBANGLA\MSBA\MSBANGLA-Web\pastevents.htm --> msbangla.110mb.com / pastevents.htm
2008.04.15 21:06 B C:\Documents and Settings\Alamgir Hossain\Desktop\MSBANGLA\MSBA\MSBANGLA-Web\Redirect.htm --> msbangla.110mb.com / Redirect.htm
2008.04.16 20:31 B C:\Documents and Settings\Alamgir Hossain\Desktop\MSBANGLA\MSBA\MSBANGLA-Web\pastevents.htm --> msbangla.110mb.com / pastevents.htm
2008.05.04 07:46 B C:\Documents and Settings\Alamgir Hossain\Desktop\MSBANGLA\MSBA\MSBANGLA-Web\history&mission.htm --> msbangla.110mb.com / history&mission.htm
2008.05.15 22:46 B C:\Documents and Settings\Alamgir Hossain\Desktop\MSBANGLA\MSBA\MSBANGLA-Web\index.html --> msbangla.110mb.com / index.html
2008.07.20 18:33 B C:\Documents and Settings\Alamgir Hossain\Desktop\MSBANGLA\MSBA\MSBANGLA-Web\index.html --> msbangla.110mb.com / index.html
